0 info it worked if it ends with ok
1 verbose cli [ 'C:\\Program Files\\nodejs\\node.exe',
1 verbose cli   'C:\\Users\\novi4ok_ua\\AppData\\Roaming\\npm\\node_modules\\npm\\bin\\npm-cli.js',
1 verbose cli   'start' ]
2 info using npm@4.0.3
3 info using node@v6.9.1
4 verbose run-script [ 'prestart', 'start', 'poststart' ]
5 info lifecycle FFA_Reader@0.0.0~prestart: FFA_Reader@0.0.0
6 silly lifecycle FFA_Reader@0.0.0~prestart: no script for prestart, continuing
7 info lifecycle FFA_Reader@0.0.0~start: FFA_Reader@0.0.0
8 verbose lifecycle FFA_Reader@0.0.0~start: unsafe-perm in lifecycle true
9 verbose lifecycle FFA_Reader@0.0.0~start: PATH: C:\Users\novi4ok_ua\AppData\Roaming\npm\node_modules\npm\bin\node-gyp-bin;C:\WORK\oceanActual\ocean\node_modules\.bin;C:\Program Files\ImageMagick-7.0.3-Q16;C:\ProgramData\Oracle\Java\javapath;C:\Program Files (x86)\Intel\iCLS Client\;C:\Program Files\Intel\iCLS Client\;C:\windows\system32;C:\windows;C:\windows\System32\Wbem;C:\windows\System32\WindowsPowerShell\v1.0\;C:\Program Files (x86)\Intel\Intel(R) Management Engine Components\DAL;C:\Program Files\Intel\Intel(R) Management Engine Components\DAL;C:\Program Files (x86)\Intel\Intel(R) Management Engine Components\IPT;C:\Program Files\Intel\Intel(R) Management Engine Components\IPT;C:\Program Files (x86)\NVIDIA Corporation\PhysX\Common;C:\Program Files (x86)\Skype\Phone\;C:\Program Files\nodejs\;C:\WINDOWS\system32;C:\WINDOWS;C:\WINDOWS\System32\Wbem;C:\WINDOWS\System32\WindowsPowerShell\v1.0\;C:\Program Files (x86)\Subversion\bin;C:\Program Files\Microsoft SQL Server\120\Tools\Binn\;C:\Program Files\Microsoft SQL Server\130\Tools\Binn\;C:\WINDOWS\system32\config\systemprofile\.dnx\bin;C:\Program Files\Microsoft DNX\Dnvm\;C:\Users\novi4ok_ua\AppData\Roaming\npm;C:\Users\novi4ok_ua\AppData\Local\Microsoft\WindowsApps
10 verbose lifecycle FFA_Reader@0.0.0~start: CWD: C:\WORK\oceanActual\ocean
11 silly lifecycle FFA_Reader@0.0.0~start: Args: [ '/d /s /c', 'NODE_ENV=production  node server/index -v' ]
12 silly lifecycle FFA_Reader@0.0.0~start: Returned: code: 1  signal: null
13 info lifecycle FFA_Reader@0.0.0~start: Failed to exec start script
14 verbose stack Error: FFA_Reader@0.0.0 start: `NODE_ENV=production  node server/index -v`
14 verbose stack Exit status 1
14 verbose stack     at EventEmitter.<anonymous> (C:\Users\novi4ok_ua\AppData\Roaming\npm\node_modules\npm\lib\utils\lifecycle.js:279:16)
14 verbose stack     at emitTwo (events.js:106:13)
14 verbose stack     at EventEmitter.emit (events.js:191:7)
14 verbose stack     at ChildProcess.<anonymous> (C:\Users\novi4ok_ua\AppData\Roaming\npm\node_modules\npm\lib\utils\spawn.js:40:14)
14 verbose stack     at emitTwo (events.js:106:13)
14 verbose stack     at ChildProcess.emit (events.js:191:7)
14 verbose stack     at maybeClose (internal/child_process.js:877:16)
14 verbose stack     at Process.ChildProcess._handle.onexit (internal/child_process.js:226:5)
15 verbose pkgid FFA_Reader@0.0.0
16 verbose cwd C:\WORK\oceanActual\ocean
17 error Windows_NT 10.0.14393
18 error argv "C:\\Program Files\\nodejs\\node.exe" "C:\\Users\\novi4ok_ua\\AppData\\Roaming\\npm\\node_modules\\npm\\bin\\npm-cli.js" "start"
19 error node v6.9.1
20 error npm  v4.0.3
21 error code ELIFECYCLE
22 error FFA_Reader@0.0.0 start: `NODE_ENV=production  node server/index -v`
22 error Exit status 1
23 error Failed at the FFA_Reader@0.0.0 start script 'NODE_ENV=production  node server/index -v'.
23 error Make sure you have the latest version of node.js and npm installed.
23 error If you do, this is most likely a problem with the FFA_Reader package,
23 error not with npm itself.
23 error Tell the author that this fails on your system:
23 error     NODE_ENV=production  node server/index -v
23 error You can get information on how to open an issue for this project with:
23 error     npm bugs FFA_Reader
23 error Or if that isn't available, you can get their info via:
23 error     npm owner ls FFA_Reader
23 error There is likely additional logging output above.
24 verbose exit [ 1, true ]
