[2016-11-17 15:07:29.747] [INFO] server - (127.0.0.1) [applicationSessions.js] Inactive Application Sessions Monitor started. Scan interval is 60000 ms
[2016-11-17 15:07:29.759] [INFO] server - (127.0.0.1) [index.js] Server started in [dev] mode
[2016-11-17 15:07:29.776] [INFO] server - (127.0.0.1) [index.js] Facet "default" search provider added
[2016-11-17 15:07:29.783] [INFO] server - (127.0.0.1) [index.js] Server listen at :::3000
[2016-11-17 15:08:29.748] [INFO] server - (::1) [applicationSessions.js] Inactive Application Sessions Monitor has been invoked
[2016-11-17 15:08:29.774] [INFO] server - (::1) [applicationSessions.js] No inactive sessions found
[2016-11-17 15:09:29.772] [INFO] server - (::1) [applicationSessions.js] Inactive Application Sessions Monitor has been invoked
[2016-11-17 15:09:29.784] [INFO] server - (::1) [applicationSessions.js] No inactive sessions found
[2016-11-17 15:10:29.775] [INFO] server - (::1) [applicationSessions.js] Inactive Application Sessions Monitor has been invoked
[2016-11-17 15:10:29.792] [INFO] server - (::1) [applicationSessions.js] No inactive sessions found
[2016-11-17 15:11:29.810] [INFO] server - (::1) [applicationSessions.js] Inactive Application Sessions Monitor has been invoked
[2016-11-17 15:11:29.820] [INFO] server - (::1) [applicationSessions.js] No inactive sessions found
[2016-11-17 15:12:29.810] [INFO] server - (::1) [applicationSessions.js] Inactive Application Sessions Monitor has been invoked
[2016-11-17 15:12:29.820] [INFO] server - (::1) [applicationSessions.js] No inactive sessions found
[2016-11-17 15:13:29.832] [INFO] server - (::1) [applicationSessions.js] Inactive Application Sessions Monitor has been invoked
[2016-11-17 15:13:29.843] [INFO] server - (::1) [applicationSessions.js] No inactive sessions found
[2016-11-17 15:14:29.857] [INFO] server - (::1) [applicationSessions.js] Inactive Application Sessions Monitor has been invoked
[2016-11-17 15:14:29.863] [INFO] server - (::1) [applicationSessions.js] No inactive sessions found
[2016-11-17 15:15:29.885] [INFO] server - (::1) [applicationSessions.js] Inactive Application Sessions Monitor has been invoked
[2016-11-17 15:15:29.899] [INFO] server - (::1) [applicationSessions.js] No inactive sessions found
[2016-11-17 15:16:29.944] [INFO] server - (::1) [applicationSessions.js] Inactive Application Sessions Monitor has been invoked
[2016-11-17 15:16:29.952] [INFO] server - (::1) [applicationSessions.js] No inactive sessions found
[2016-11-17 15:17:29.974] [INFO] server - (::1) [applicationSessions.js] Inactive Application Sessions Monitor has been invoked
[2016-11-17 15:17:29.982] [INFO] server - (::1) [applicationSessions.js] No inactive sessions found
[2016-11-17 15:18:30.034] [INFO] server - (::1) [applicationSessions.js] Inactive Application Sessions Monitor has been invoked
[2016-11-17 15:18:30.044] [INFO] server - (::1) [applicationSessions.js] No inactive sessions found
[2016-11-17 15:19:30.057] [INFO] server - (::1) [applicationSessions.js] Inactive Application Sessions Monitor has been invoked
[2016-11-17 15:19:30.071] [INFO] server - (::1) [applicationSessions.js] No inactive sessions found
[2016-11-17 15:20:30.124] [INFO] server - (::1) [applicationSessions.js] Inactive Application Sessions Monitor has been invoked
[2016-11-17 15:20:30.132] [INFO] server - (::1) [applicationSessions.js] No inactive sessions found
[2016-11-17 15:21:30.152] [INFO] server - (::1) [applicationSessions.js] Inactive Application Sessions Monitor has been invoked
[2016-11-17 15:21:30.159] [INFO] server - (::1) [applicationSessions.js] No inactive sessions found
[2016-11-17 15:22:30.207] [INFO] server - (::1) [applicationSessions.js] Inactive Application Sessions Monitor has been invoked
[2016-11-17 15:22:30.216] [INFO] server - (::1) [applicationSessions.js] No inactive sessions found
[2016-11-17 15:23:30.270] [INFO] server - (::1) [applicationSessions.js] Inactive Application Sessions Monitor has been invoked
[2016-11-17 15:23:30.294] [INFO] server - (::1) [applicationSessions.js] No inactive sessions found
[2016-11-17 15:24:30.330] [INFO] server - (::1) [applicationSessions.js] Inactive Application Sessions Monitor has been invoked
[2016-11-17 15:24:30.338] [INFO] server - (::1) [applicationSessions.js] No inactive sessions found
[2016-11-17 15:25:30.391] [INFO] server - (::1) [applicationSessions.js] Inactive Application Sessions Monitor has been invoked
[2016-11-17 15:25:30.397] [INFO] server - (::1) [applicationSessions.js] No inactive sessions found
[2016-11-17 15:26:30.448] [INFO] server - (::1) [applicationSessions.js] Inactive Application Sessions Monitor has been invoked
[2016-11-17 15:26:30.454] [INFO] server - (::1) [applicationSessions.js] No inactive sessions found
[2016-11-17 15:27:30.508] [INFO] server - (::1) [applicationSessions.js] Inactive Application Sessions Monitor has been invoked
[2016-11-17 15:27:30.514] [INFO] server - (::1) [applicationSessions.js] No inactive sessions found
[2016-11-17 15:28:30.511] [INFO] server - (::1) [applicationSessions.js] Inactive Application Sessions Monitor has been invoked
[2016-11-17 15:28:30.518] [INFO] server - (::1) [applicationSessions.js] No inactive sessions found
[2016-11-17 15:29:30.571] [INFO] server - (::1) [applicationSessions.js] Inactive Application Sessions Monitor has been invoked
[2016-11-17 15:29:30.582] [INFO] server - (::1) [applicationSessions.js] No inactive sessions found
[2016-11-17 15:30:30.632] [INFO] server - (::1) [applicationSessions.js] Inactive Application Sessions Monitor has been invoked
[2016-11-17 15:30:30.643] [INFO] server - (::1) [applicationSessions.js] No inactive sessions found
[2016-11-17 15:31:30.691] [INFO] server - (::1) [applicationSessions.js] Inactive Application Sessions Monitor has been invoked
[2016-11-17 15:31:30.701] [INFO] server - (::1) [applicationSessions.js] No inactive sessions found
[2016-11-17 15:32:30.745] [INFO] server - (::1) [applicationSessions.js] Inactive Application Sessions Monitor has been invoked
[2016-11-17 15:32:30.762] [INFO] server - (::1) [applicationSessions.js] No inactive sessions found
[2016-11-17 15:33:30.807] [INFO] server - (::1) [applicationSessions.js] Inactive Application Sessions Monitor has been invoked
[2016-11-17 15:33:30.812] [INFO] server - (::1) [applicationSessions.js] No inactive sessions found
[2016-11-17 15:34:30.866] [INFO] server - (::1) [applicationSessions.js] Inactive Application Sessions Monitor has been invoked
[2016-11-17 15:34:30.872] [INFO] server - (::1) [applicationSessions.js] No inactive sessions found
[2016-11-17 15:35:30.925] [INFO] server - (::1) [applicationSessions.js] Inactive Application Sessions Monitor has been invoked
[2016-11-17 15:35:30.932] [INFO] server - (::1) [applicationSessions.js] No inactive sessions found
[2016-11-17 15:36:30.948] [INFO] server - (::1) [applicationSessions.js] Inactive Application Sessions Monitor has been invoked
[2016-11-17 15:36:30.954] [INFO] server - (::1) [applicationSessions.js] No inactive sessions found
[2016-11-17 15:37:30.964] [INFO] server - (::1) [applicationSessions.js] Inactive Application Sessions Monitor has been invoked
[2016-11-17 15:37:30.970] [INFO] server - (::1) [applicationSessions.js] No inactive sessions found
[2016-11-17 15:38:31.013] [INFO] server - (::1) [applicationSessions.js] Inactive Application Sessions Monitor has been invoked
[2016-11-17 15:38:31.018] [INFO] server - (::1) [applicationSessions.js] No inactive sessions found
[2016-11-17 15:39:31.069] [INFO] server - (::1) [applicationSessions.js] Inactive Application Sessions Monitor has been invoked
[2016-11-17 15:39:31.080] [INFO] server - (::1) [applicationSessions.js] No inactive sessions found
[2016-11-17 15:40:31.126] [INFO] server - (::1) [applicationSessions.js] Inactive Application Sessions Monitor has been invoked
[2016-11-17 15:40:31.137] [INFO] server - (::1) [applicationSessions.js] No inactive sessions found
[2016-11-17 15:41:31.179] [INFO] server - (::1) [applicationSessions.js] Inactive Application Sessions Monitor has been invoked
[2016-11-17 15:41:31.184] [INFO] server - (::1) [applicationSessions.js] No inactive sessions found
[2016-11-17 15:42:31.226] [INFO] server - (::1) [applicationSessions.js] Inactive Application Sessions Monitor has been invoked
[2016-11-17 15:42:31.231] [INFO] server - (::1) [applicationSessions.js] No inactive sessions found
[2016-11-17 15:43:31.286] [INFO] server - (::1) [applicationSessions.js] Inactive Application Sessions Monitor has been invoked
[2016-11-17 15:43:31.295] [INFO] server - (::1) [applicationSessions.js] No inactive sessions found
[2016-11-17 15:44:31.342] [INFO] server - (::1) [applicationSessions.js] Inactive Application Sessions Monitor has been invoked
[2016-11-17 15:44:31.350] [INFO] server - (::1) [applicationSessions.js] No inactive sessions found
[2016-11-17 15:45:31.355] [INFO] server - (::1) [applicationSessions.js] Inactive Application Sessions Monitor has been invoked
[2016-11-17 15:45:31.364] [INFO] server - (::1) [applicationSessions.js] No inactive sessions found
[2016-11-17 15:46:31.411] [INFO] server - (::1) [applicationSessions.js] Inactive Application Sessions Monitor has been invoked
[2016-11-17 15:46:31.421] [INFO] server - (::1) [applicationSessions.js] No inactive sessions found
[2016-11-17 15:47:31.459] [INFO] server - (::1) [applicationSessions.js] Inactive Application Sessions Monitor has been invoked
[2016-11-17 15:47:31.465] [INFO] server - (::1) [applicationSessions.js] No inactive sessions found
[2016-11-17 15:48:31.508] [INFO] server - (::1) [applicationSessions.js] Inactive Application Sessions Monitor has been invoked
[2016-11-17 15:48:31.521] [INFO] server - (::1) [applicationSessions.js] No inactive sessions found
[2016-11-17 15:49:31.569] [INFO] server - (::1) [applicationSessions.js] Inactive Application Sessions Monitor has been invoked
[2016-11-17 15:49:31.576] [INFO] server - (::1) [applicationSessions.js] No inactive sessions found
[2016-11-17 15:50:31.631] [INFO] server - (::1) [applicationSessions.js] Inactive Application Sessions Monitor has been invoked
[2016-11-17 15:50:31.636] [INFO] server - (::1) [applicationSessions.js] No inactive sessions found
[2016-11-17 15:51:31.646] [INFO] server - (::1) [applicationSessions.js] Inactive Application Sessions Monitor has been invoked
[2016-11-17 15:51:31.652] [INFO] server - (::1) [applicationSessions.js] No inactive sessions found
[2016-11-17 15:52:31.704] [INFO] server - (::1) [applicationSessions.js] Inactive Application Sessions Monitor has been invoked
[2016-11-17 15:52:31.714] [INFO] server - (::1) [applicationSessions.js] No inactive sessions found
[2016-11-17 15:53:31.707] [INFO] server - (::1) [applicationSessions.js] Inactive Application Sessions Monitor has been invoked
[2016-11-17 15:53:31.713] [INFO] server - (::1) [applicationSessions.js] No inactive sessions found
[2016-11-17 15:54:31.760] [INFO] server - (::1) [applicationSessions.js] Inactive Application Sessions Monitor has been invoked
[2016-11-17 15:54:31.767] [INFO] server - (::1) [applicationSessions.js] No inactive sessions found
[2016-11-17 15:55:31.819] [INFO] server - (::1) [applicationSessions.js] Inactive Application Sessions Monitor has been invoked
[2016-11-17 15:55:31.826] [INFO] server - (::1) [applicationSessions.js] No inactive sessions found
[2016-11-17 15:56:31.835] [INFO] server - (::1) [applicationSessions.js] Inactive Application Sessions Monitor has been invoked
[2016-11-17 15:56:31.843] [INFO] server - (::1) [applicationSessions.js] No inactive sessions found
[2016-11-17 15:57:31.863] [INFO] server - (::1) [applicationSessions.js] Inactive Application Sessions Monitor has been invoked
[2016-11-17 15:57:31.869] [INFO] server - (::1) [applicationSessions.js] No inactive sessions found
[2016-11-17 15:58:31.924] [INFO] server - (::1) [applicationSessions.js] Inactive Application Sessions Monitor has been invoked
[2016-11-17 15:58:31.939] [INFO] server - (::1) [applicationSessions.js] No inactive sessions found
[2016-11-17 15:59:31.984] [INFO] server - (::1) [applicationSessions.js] Inactive Application Sessions Monitor has been invoked
[2016-11-17 15:59:31.989] [INFO] server - (::1) [applicationSessions.js] No inactive sessions found
[2016-11-17 16:00:32.044] [INFO] server - (::1) [applicationSessions.js] Inactive Application Sessions Monitor has been invoked
[2016-11-17 16:00:32.051] [INFO] server - (::1) [applicationSessions.js] No inactive sessions found
[2016-11-17 16:01:32.102] [INFO] server - (::1) [applicationSessions.js] Inactive Application Sessions Monitor has been invoked
[2016-11-17 16:01:32.111] [INFO] server - (::1) [applicationSessions.js] No inactive sessions found
[2016-11-17 16:02:32.158] [INFO] server - (::1) [applicationSessions.js] Inactive Application Sessions Monitor has been invoked
[2016-11-17 16:02:32.167] [INFO] server - (::1) [applicationSessions.js] No inactive sessions found
[2016-11-17 16:03:32.191] [INFO] server - (::1) [applicationSessions.js] Inactive Application Sessions Monitor has been invoked
[2016-11-17 16:03:32.197] [INFO] server - (::1) [applicationSessions.js] No inactive sessions found
[2016-11-17 16:04:32.252] [INFO] server - (::1) [applicationSessions.js] Inactive Application Sessions Monitor has been invoked
[2016-11-17 16:04:32.259] [INFO] server - (::1) [applicationSessions.js] No inactive sessions found
[2016-11-17 16:05:32.312] [INFO] server - (::1) [applicationSessions.js] Inactive Application Sessions Monitor has been invoked
[2016-11-17 16:05:32.318] [INFO] server - (::1) [applicationSessions.js] No inactive sessions found
[2016-11-17 16:06:32.369] [INFO] server - (::1) [applicationSessions.js] Inactive Application Sessions Monitor has been invoked
[2016-11-17 16:06:32.375] [INFO] server - (::1) [applicationSessions.js] No inactive sessions found
[2016-11-17 16:07:32.424] [INFO] server - (::1) [applicationSessions.js] Inactive Application Sessions Monitor has been invoked
[2016-11-17 16:07:32.435] [INFO] server - (::1) [applicationSessions.js] No inactive sessions found
[2016-11-17 16:08:32.462] [INFO] server - (::1) [applicationSessions.js] Inactive Application Sessions Monitor has been invoked
[2016-11-17 16:08:32.468] [INFO] server - (::1) [applicationSessions.js] No inactive sessions found
[2016-11-17 16:09:32.519] [INFO] server - (::1) [applicationSessions.js] Inactive Application Sessions Monitor has been invoked
[2016-11-17 16:09:32.524] [INFO] server - (::1) [applicationSessions.js] No inactive sessions found
